# JRE version: Java(TM) SE Runtime Environment (17.0.5+9) (build 17.0.5+9-LTS-191)
# Java VM: Java HotSpot(TM) 64-Bit Server VM (17.0.5+9-LTS-191, mixed mode, sharing, tiered, compressed oops, compressed class ptrs, g1 gc, windows-amd64)
GC Precious Log:
 CPUs: 4 total, 4 available
 Memory: 4015M
 Large Page Support: Disabled
 NUMA Support: Disabled
 Compressed Oops: Enabled (32-bit)
 Heap Region Size: 1M
 Heap Min Capacity: 8M
 Heap Initial Capacity: 64M
 Heap Max Capacity: 1004M
 Pre-touch: Disabled
 Parallel Workers: 4
 Concurrent Workers: 1
 Concurrent Refinement Workers: 4
 Periodic GC: Disabled
Heap:
 garbage-first heap   total 97280K, used 30456K [0x00000000c1400000, 0x0000000100000000)
  region size 1024K, 3 young (3072K), 3 survivors (3072K)
 Metaspace       used 66782K, committed 67328K, reserved 1114112K
  class space    used 9144K, committed 9408K, reserved 1048576K
GC Heap History (20 events):
Event: 9.735 GC heap after
{Heap after GC invocations=9 (full 0):
 garbage-first heap   total 97280K, used 18161K [0x00000000c1400000, 0x0000000100000000)
  region size 1024K, 3 young (3072K), 3 survivors (3072K)
 Metaspace       used 30655K, committed 31040K, reserved 1081344K
  class space    used 3976K, committed 4160K, reserved 1048576K
}
Event: 10.908 GC heap before
{Heap before GC invocations=9 (full 0):
 garbage-first heap   total 97280K, used 36593K [0x00000000c1400000, 0x0000000100000000)
  region size 1024K, 22 young (22528K), 3 survivors (3072K)
 Metaspace       used 35554K, committed 35968K, reserved 1081344K
  class space    used 4723K, committed 4928K, reserved 1048576K
}
Event: 10.922 GC heap after
{Heap after GC invocations=10 (full 0):
 garbage-first heap   total 97280K, used 19252K [0x00000000c1400000, 0x0000000100000000)
  region size 1024K, 4 young (4096K), 4 survivors (4096K)
 Metaspace       used 35554K, committed 35968K, reserved 1081344K
  class space    used 4723K, committed 4928K, reserved 1048576K
}
Event: 13.106 GC heap before
{Heap before GC invocations=11 (full 0):
 garbage-first heap   total 71680K, used 58164K [0x00000000c1400000, 0x0000000100000000)
  region size 1024K, 42 young (43008K), 4 survivors (4096K)
 Metaspace       used 44871K, committed 45248K, reserved 1089536K
  class space    used 5943K, committed 6144K, reserved 1048576K
}
Event: 13.122 GC heap after
{Heap after GC invocations=12 (full 0):
 garbage-first heap   total 71680K, used 22328K [0x00000000c1400000, 0x0000000100000000)
  region size 1024K, 6 young (6144K), 6 survivors (6144K)
 Metaspace       used 44871K, committed 45248K, reserved 1089536K
  class space    used 5943K, committed 6144K, reserved 1048576K
}
Event: 13.164 GC heap before
{Heap before GC invocations=12 (full 0):
 garbage-first heap   total 71680K, used 22328K [0x00000000c1400000, 0x0000000100000000)
  region size 1024K, 7 young (7168K), 6 survivors (6144K)
 Metaspace       used 45507K, committed 45888K, reserved 1089536K
  class space    used 6001K, committed 6208K, reserved 1048576K
}
Event: 13.176 GC heap after
{Heap after GC invocations=13 (full 0):
 garbage-first heap   total 71680K, used 23086K [0x00000000c1400000, 0x0000000100000000)
  region size 1024K, 1 young (1024K), 1 survivors (1024K)
 Metaspace       used 45507K, committed 45888K, reserved 1089536K
  class space    used 6001K, committed 6208K, reserved 1048576K
}
Event: 14.284 GC heap before
{Heap before GC invocations=13 (full 0):
 garbage-first heap   total 71680K, used 54830K [0x00000000c1400000, 0x0000000100000000)
  region size 1024K, 32 young (32768K), 1 survivors (1024K)
 Metaspace       used 52489K, committed 52864K, reserved 1097728K
  class space    used 7188K, committed 7360K, reserved 1048576K
}
Event: 14.289 GC heap after
{Heap after GC invocations=14 (full 0):
 garbage-first heap   total 71680K, used 23356K [0x00000000c1400000, 0x0000000100000000)
  region size 1024K, 2 young (2048K), 2 survivors (2048K)
 Metaspace       used 52489K, committed 52864K, reserved 1097728K
  class space    used 7188K, committed 7360K, reserved 1048576K
}
Event: 15.550 GC heap before
{Heap before GC invocations=14 (full 0):
 garbage-first heap   total 71680K, used 55100K [0x00000000c1400000, 0x0000000100000000)
  region size 1024K, 33 young (33792K), 2 survivors (2048K)
 Metaspace       used 57625K, committed 58176K, reserved 1105920K
  class space    used 7860K, committed 8128K, reserved 1048576K
}
Event: 15.558 GC heap after
{Heap after GC invocations=15 (full 0):
 garbage-first heap   total 71680K, used 25622K [0x00000000c1400000, 0x0000000100000000)
  region size 1024K, 4 young (4096K), 4 survivors (4096K)
 Metaspace       used 57625K, committed 58176K, reserved 1105920K
  class space    used 7860K, committed 8128K, reserved 1048576K
}
Event: 16.115 GC heap before
{Heap before GC invocations=15 (full 0):
 garbage-first heap   total 71680K, used 55318K [0x00000000c1400000, 0x0000000100000000)
  region size 1024K, 33 young (33792K), 4 survivors (4096K)
 Metaspace       used 59837K, committed 60288K, reserved 1105920K
  class space    used 8156K, committed 8384K, reserved 1048576K
}
Event: 16.125 GC heap after
{Heap after GC invocations=16 (full 0):
 garbage-first heap   total 71680K, used 26459K [0x00000000c1400000, 0x0000000100000000)
  region size 1024K, 4 young (4096K), 4 survivors (4096K)
 Metaspace       used 59837K, committed 60288K, reserved 1105920K
  class space    used 8156K, committed 8384K, reserved 1048576K
}
Event: 16.150 GC heap before
{Heap before GC invocations=16 (full 0):
 garbage-first heap   total 71680K, used 28507K [0x00000000c1400000, 0x0000000100000000)
  region size 1024K, 7 young (7168K), 4 survivors (4096K)
 Metaspace       used 59854K, committed 60288K, reserved 1105920K
  class space    used 8157K, committed 8384K, reserved 1048576K
}
Event: 16.157 GC heap after
{Heap after GC invocations=17 (full 0):
 garbage-first heap   total 71680K, used 26724K [0x00000000c1400000, 0x0000000100000000)
  region size 1024K, 2 young (2048K), 2 survivors (2048K)
 Metaspace       used 59854K, committed 60288K, reserved 1105920K
  class space    used 8157K, committed 8384K, reserved 1048576K
}
Event: 16.903 GC heap before
{Heap before GC invocations=18 (full 0):
 garbage-first heap   total 71680K, used 58468K [0x00000000c1400000, 0x0000000100000000)
  region size 1024K, 33 young (33792K), 2 survivors (2048K)
 Metaspace       used 61773K, committed 62272K, reserved 1105920K
  class space    used 8478K, committed 8704K, reserved 1048576K
}
Event: 16.911 GC heap after
{Heap after GC invocations=19 (full 0):
 garbage-first heap   total 71680K, used 28450K [0x00000000c1400000, 0x0000000100000000)
  region size 1024K, 3 young (3072K), 3 survivors (3072K)
 Metaspace       used 61773K, committed 62272K, reserved 1105920K
  class space    used 8478K, committed 8704K, reserved 1048576K
}
Event: 16.945 GC heap before
{Heap before GC invocations=19 (full 0):
 garbage-first heap   total 71680K, used 29474K [0x00000000c1400000, 0x0000000100000000)
  region size 1024K, 4 young (4096K), 3 survivors (3072K)
 Metaspace       used 61889K, committed 62336K, reserved 1105920K
  class space    used 8499K, committed 8704K, reserved 1048576K
}
Event: 16.953 GC heap after
{Heap after GC invocations=20 (full 0):
 garbage-first heap   total 71680K, used 28621K [0x00000000c1400000, 0x0000000100000000)
  region size 1024K, 1 young (1024K), 1 survivors (1024K)
 Metaspace       used 61889K, committed 62336K, reserved 1105920K
  class space    used 8499K, committed 8704K, reserved 1048576K
}
Event: 388.557 GC heap before
{Heap before GC invocations=20 (full 0):
 garbage-first heap   total 71680K, used 58317K [0x00000000c1400000, 0x0000000100000000)
  region size 1024K, 30 young (30720K), 1 survivors (1024K)
 Metaspace       used 66782K, committed 67328K, reserved 1114112K
  class space    used 9144K, committed 9408K, reserved 1048576K
}

